# JRE version: OpenJDK Runtime Environment (8.0_212-b04) (build 1.8.0_212-release-1586-b04)
# Java VM: OpenJDK 64-Bit Server VM (25.212-b04 mixed mode windows-amd64 compressed oops)
Heap:
 PSYoungGen      total 215552K, used 115331K [0x00000000e0000000, 0x00000000f3600000, 0x0000000100000000)
  eden space 191488K, 47% used [0x00000000e0000000,0x00000000e5922140,0x00000000ebb00000)
  from space 24064K, 99% used [0x00000000ebb00000,0x00000000ed27ec00,0x00000000ed280000)
  to   space 34304K, 0% used [0x00000000f1480000,0x00000000f1480000,0x00000000f3600000)
 ParOldGen       total 124416K, used 81218K [0x00000000a0000000, 0x00000000a7980000, 0x00000000e0000000)
  object space 124416K, 65% used [0x00000000a0000000,0x00000000a4f50860,0x00000000a7980000)
 Metaspace       used 71073K, capacity 75614K, committed 75864K, reserved 1114112K
  class space    used 9716K, capacity 10857K, committed 10880K, reserved 1048576K
GC Heap History (10 events):
Event: 27.080 GC heap before
{Heap before GC invocations=18 (full 2):
 PSYoungGen      total 125952K, used 13358K [0x00000000e0000000, 0x00000000eac00000, 0x0000000100000000)
  eden space 111104K, 1% used [0x00000000e0000000,0x00000000e022a818,0x00000000e6c80000)
  from space 14848K, 75% used [0x00000000e6c80000,0x00000000e77611b0,0x00000000e7b00000)
  to   space 15360K, 0% used [0x00000000e9d00000,0x00000000e9d00000,0x00000000eac00000)
 ParOldGen       total 93184K, used 33571K [0x00000000a0000000, 0x00000000a5b00000, 0x00000000e0000000)
  object space 93184K, 36% used [0x00000000a0000000,0x00000000a20c8cd8,0x00000000a5b00000)
 Metaspace       used 56848K, capacity 58868K, committed 58968K, reserved 1099776K
  class space    used 7719K, capacity 8251K, committed 8320K, reserved 1048576K
Event: 27.090 GC heap after
Heap after GC invocations=18 (full 2):
 PSYoungGen      total 160256K, used 181K [0x00000000e0000000, 0x00000000ec800000, 0x0000000100000000)
  eden space 144896K, 0% used [0x00000000e0000000,0x00000000e0000000,0x00000000e8d80000)
  from space 15360K, 1% used [0x00000000e9d00000,0x00000000e9d2d5d8,0x00000000eac00000)
  to   space 15872K, 0% used [0x00000000e8d80000,0x00000000e8d80000,0x00000000e9d00000)
 ParOldGen       total 93184K, used 41404K [0x00000000a0000000, 0x00000000a5b00000, 0x00000000e0000000)
  object space 93184K, 44% used [0x00000000a0000000,0x00000000a286f228,0x00000000a5b00000)
 Metaspace       used 56848K, capacity 58868K, committed 58968K, reserved 1099776K
  class space    used 7719K, capacity 8251K, committed 8320K, reserved 1048576K
}
Event: 27.090 GC heap before
{Heap before GC invocations=19 (full 3):
 PSYoungGen      total 160256K, used 181K [0x00000000e0000000, 0x00000000ec800000, 0x0000000100000000)
  eden space 144896K, 0% used [0x00000000e0000000,0x00000000e0000000,0x00000000e8d80000)
  from space 15360K, 1% used [0x00000000e9d00000,0x00000000e9d2d5d8,0x00000000eac00000)
  to   space 15872K, 0% used [0x00000000e8d80000,0x00000000e8d80000,0x00000000e9d00000)
 ParOldGen       total 93184K, used 41404K [0x00000000a0000000, 0x00000000a5b00000, 0x00000000e0000000)
  object space 93184K, 44% used [0x00000000a0000000,0x00000000a286f228,0x00000000a5b00000)
 Metaspace       used 56848K, capacity 58868K, committed 58968K, reserved 1099776K
  class space    used 7719K, capacity 8251K, committed 8320K, reserved 1048576K
Event: 27.527 GC heap after
Heap after GC invocations=19 (full 3):
 PSYoungGen      total 160256K, used 0K [0x00000000e0000000, 0x00000000ec800000, 0x0000000100000000)
  eden space 144896K, 0% used [0x00000000e0000000,0x00000000e0000000,0x00000000e8d80000)
  from space 15360K, 0% used [0x00000000e9d00000,0x00000000e9d00000,0x00000000eac00000)
  to   space 15872K, 0% used [0x00000000e8d80000,0x00000000e8d80000,0x00000000e9d00000)
 ParOldGen       total 124416K, used 37817K [0x00000000a0000000, 0x00000000a7980000, 0x00000000e0000000)
  object space 124416K, 30% used [0x00000000a0000000,0x00000000a24ee730,0x00000000a7980000)
 Metaspace       used 56848K, capacity 58868K, committed 58968K, reserved 1099776K
  class space    used 7719K, capacity 8251K, committed 8320K, reserved 1048576K
}
Event: 33.433 GC heap before
{Heap before GC invocations=20 (full 3):
 PSYoungGen      total 160256K, used 144896K [0x00000000e0000000, 0x00000000ec800000, 0x0000000100000000)
  eden space 144896K, 100% used [0x00000000e0000000,0x00000000e8d80000,0x00000000e8d80000)
  from space 15360K, 0% used [0x00000000e9d00000,0x00000000e9d00000,0x00000000eac00000)
  to   space 15872K, 0% used [0x00000000e8d80000,0x00000000e8d80000,0x00000000e9d00000)
 ParOldGen       total 124416K, used 37817K [0x00000000a0000000, 0x00000000a7980000, 0x00000000e0000000)
  object space 124416K, 30% used [0x00000000a0000000,0x00000000a24ee730,0x00000000a7980000)
 Metaspace       used 60619K, capacity 64402K, committed 64600K, reserved 1103872K
  class space    used 8259K, capacity 9301K, committed 9344K, reserved 1048576K
Event: 33.588 GC heap after
Heap after GC invocations=20 (full 3):
 PSYoungGen      total 160768K, used 15872K [0x00000000e0000000, 0x00000000ee800000, 0x0000000100000000)
  eden space 144896K, 0% used [0x00000000e0000000,0x00000000e0000000,0x00000000e8d80000)
  from space 15872K, 100% used [0x00000000e8d80000,0x00000000e9d00000,0x00000000e9d00000)
  to   space 22016K, 0% used [0x00000000ed280000,0x00000000ed280000,0x00000000ee800000)
 ParOldGen       total 124416K, used 47803K [0x00000000a0000000, 0x00000000a7980000, 0x00000000e0000000)
  object space 124416K, 38% used [0x00000000a0000000,0x00000000a2eaeee0,0x00000000a7980000)
 Metaspace       used 60619K, capacity 64402K, committed 64600K, reserved 1103872K
  class space    used 8259K, capacity 9301K, committed 9344K, reserved 1048576K
}
Event: 39.168 GC heap before
{Heap before GC invocations=21 (full 3):
 PSYoungGen      total 160768K, used 160768K [0x00000000e0000000, 0x00000000ee800000, 0x0000000100000000)
  eden space 144896K, 100% used [0x00000000e0000000,0x00000000e8d80000,0x00000000e8d80000)
  from space 15872K, 100% used [0x00000000e8d80000,0x00000000e9d00000,0x00000000e9d00000)
  to   space 22016K, 0% used [0x00000000ed280000,0x00000000ed280000,0x00000000ee800000)
 ParOldGen       total 124416K, used 47803K [0x00000000a0000000, 0x00000000a7980000, 0x00000000e0000000)
  object space 124416K, 38% used [0x00000000a0000000,0x00000000a2eaeee0,0x00000000a7980000)
 Metaspace       used 67691K, capacity 71674K, committed 71768K, reserved 1110016K
  class space    used 9244K, capacity 10350K, committed 10368K, reserved 1048576K
Event: 39.253 GC heap after
Heap after GC invocations=21 (full 3):
 PSYoungGen      total 213504K, used 17709K [0x00000000e0000000, 0x00000000eea00000, 0x0000000100000000)
  eden space 191488K, 0% used [0x00000000e0000000,0x00000000e0000000,0x00000000ebb00000)
  from space 22016K, 80% used [0x00000000ed280000,0x00000000ee3cb4a0,0x00000000ee800000)
  to   space 24064K, 0% used [0x00000000ebb00000,0x00000000ebb00000,0x00000000ed280000)
 ParOldGen       total 124416K, used 63499K [0x00000000a0000000, 0x00000000a7980000, 0x00000000e0000000)
  object space 124416K, 51% used [0x00000000a0000000,0x00000000a3e02f80,0x00000000a7980000)
 Metaspace       used 67691K, capacity 71674K, committed 71768K, reserved 1110016K
  class space    used 9244K, capacity 10350K, committed 10368K, reserved 1048576K
}
Event: 56.469 GC heap before
{Heap before GC invocations=22 (full 3):
 PSYoungGen      total 213504K, used 209197K [0x00000000e0000000, 0x00000000eea00000, 0x0000000100000000)
  eden space 191488K, 100% used [0x00000000e0000000,0x00000000ebb00000,0x00000000ebb00000)
  from space 22016K, 80% used [0x00000000ed280000,0x00000000ee3cb4a0,0x00000000ee800000)
  to   space 24064K, 0% used [0x00000000ebb00000,0x00000000ebb00000,0x00000000ed280000)
 ParOldGen       total 124416K, used 63499K [0x00000000a0000000, 0x00000000a7980000, 0x00000000e0000000)
  object space 124416K, 51% used [0x00000000a0000000,0x00000000a3e02f80,0x00000000a7980000)
 Metaspace       used 69707K, capacity 73842K, committed 74072K, reserved 1112064K
  class space    used 9481K, capacity 10576K, committed 10624K, reserved 1048576K
Event: 56.591 GC heap after
Heap after GC invocations=22 (full 3):
 PSYoungGen      total 215552K, used 24059K [0x00000000e0000000, 0x00000000f3600000, 0x0000000100000000)
  eden space 191488K, 0% used [0x00000000e0000000,0x00000000e0000000,0x00000000ebb00000)
  from space 24064K, 99% used [0x00000000ebb00000,0x00000000ed27ec00,0x00000000ed280000)
  to   space 34304K, 0% used [0x00000000f1480000,0x00000000f1480000,0x00000000f3600000)
 ParOldGen       total 124416K, used 81218K [0x00000000a0000000, 0x00000000a7980000, 0x00000000e0000000)
  object space 124416K, 65% used [0x00000000a0000000,0x00000000a4f50860,0x00000000a7980000)
 Metaspace       used 69707K, capacity 73842K, committed 74072K, reserved 1112064K
  class space    used 9481K, capacity 10576K, committed 10624K, reserved 1048576K
}

